<?xml version="1.0" encoding="UTF-8" ?>
<testsuite tests="2" failures="0" name="org.bioboxes.bioboxmesossheduler.sheduler.MesosSchedulerTest" time="0.789" errors="1" skipped="0">
  <properties>
    <property name="java.runtime.name" value="Java(TM) SE Runtime Environment"/>
    <property name="sun.boot.library.path" value="/vol/java-8/jdk1.8.0_45/jre/lib/amd64"/>
    <property name="java.vm.version" value="25.45-b02"/>
    <property name="java.vm.vendor" value="Oracle Corporation"/>
    <property name="java.vendor.url" value="http://java.oracle.com/"/>
    <property name="path.separator" value=":"/>
    <property name="guice.disable.misplaced.annotation.check" value="true"/>
    <property name="java.vm.name" value="Java HotSpot(TM) 64-Bit Server VM"/>
    <property name="file.encoding.pkg" value="sun.io"/>
    <property name="user.country" value="DE"/>
    <property name="sun.java.launcher" value="SUN_STANDARD"/>
    <property name="sun.os.patch.level" value="unknown"/>
    <property name="java.vm.specification.name" value="Java Virtual Machine Specification"/>
    <property name="user.dir" value="/homes/jsteiner/CloudComputing/BioboxMesos/MesosScheduler"/>
    <property name="java.runtime.version" value="1.8.0_45-b14"/>
    <property name="java.awt.graphicsenv" value="sun.awt.X11GraphicsEnvironment"/>
    <property name="java.endorsed.dirs" value="/vol/java-8/jdk1.8.0_45/jre/lib/endorsed"/>
    <property name="os.arch" value="amd64"/>
    <property name="java.io.tmpdir" value="/tmp"/>
    <property name="line.separator" value="
"/>
    <property name="java.vm.specification.vendor" value="Oracle Corporation"/>
    <property name="os.name" value="Linux"/>
    <property name="maven.ext.class.path" value="/vol/netbeans-8.0/share/netbeans-8.0.1/java/maven-nblib/netbeans-eventspy.jar"/>
    <property name="classworlds.conf" value="/vol/netbeans-8.0/share/netbeans-8.0.1/java/maven/bin/m2.conf"/>
    <property name="sun.jnu.encoding" value="ISO-8859-1"/>
    <property name="java.library.path" value="/vol/java-8/jre/lib/amd64:/vol/java-8/jre/lib/i386:/opt/thinlinc/lib64:/opt/thinlinc/lib:/usr/java/packages/lib/amd64:/usr/lib64:/lib64:/lib:/usr/lib"/>
    <property name="java.specification.name" value="Java Platform API Specification"/>
    <property name="java.class.version" value="52.0"/>
    <property name="sun.management.compiler" value="HotSpot 64-Bit Tiered Compilers"/>
    <property name="os.version" value="3.19.8-100.fc20.x86_64"/>
    <property name="user.home" value="/homes/jsteiner"/>
    <property name="user.timezone" value="Europe/Berlin"/>
    <property name="java.awt.printerjob" value="sun.print.PSPrinterJob"/>
    <property name="file.encoding" value="ISO-8859-1"/>
    <property name="java.specification.version" value="1.8"/>
    <property name="user.name" value="jsteiner"/>
    <property name="java.class.path" value="/vol/netbeans-8.0/share/netbeans-8.0.1/java/maven/boot/plexus-classworlds-2.4.jar"/>
    <property name="java.vm.specification.version" value="1.8"/>
    <property name="sun.arch.data.model" value="64"/>
    <property name="java.home" value="/vol/java-8/jdk1.8.0_45/jre"/>
    <property name="sun.java.command" value="org.codehaus.plexus.classworlds.launcher.Launcher -Dmaven.ext.class.path=/vol/netbeans-8.0/share/netbeans-8.0.1/java/maven-nblib/netbeans-eventspy.jar install"/>
    <property name="java.specification.vendor" value="Oracle Corporation"/>
    <property name="user.language" value="de"/>
    <property name="awt.toolkit" value="sun.awt.X11.XToolkit"/>
    <property name="java.vm.info" value="mixed mode"/>
    <property name="java.version" value="1.8.0_45"/>
    <property name="java.ext.dirs" value="/vol/java-8/jdk1.8.0_45/jre/lib/ext:/usr/java/packages/lib/ext"/>
    <property name="securerandom.source" value="file:/dev/./urandom"/>
    <property name="sun.boot.class.path" value="/vol/java-8/jdk1.8.0_45/jre/lib/resources.jar:/vol/java-8/jdk1.8.0_45/jre/lib/rt.jar:/vol/java-8/jdk1.8.0_45/jre/lib/sunrsasign.jar:/vol/java-8/jdk1.8.0_45/jre/lib/jsse.jar:/vol/java-8/jdk1.8.0_45/jre/lib/jce.jar:/vol/java-8/jdk1.8.0_45/jre/lib/charsets.jar:/vol/java-8/jdk1.8.0_45/jre/lib/jfr.jar:/vol/java-8/jdk1.8.0_45/jre/classes"/>
    <property name="java.vendor" value="Oracle Corporation"/>
    <property name="maven.home" value="/vol/netbeans-8.0/share/netbeans-8.0.1/java/maven"/>
    <property name="file.separator" value="/"/>
    <property name="java.vendor.url.bug" value="http://bugreport.sun.com/bugreport/"/>
    <property name="sun.cpu.endian" value="little"/>
    <property name="sun.io.unicode.encoding" value="UnicodeLittle"/>
    <property name="sun.cpu.isalist" value=""/>
  </properties>
  <testcase classname="org.bioboxes.bioboxmesossheduler.sheduler.MesosSchedulerTest" name="testStatusUpdate" time="0.003"/>
  <testcase classname="org.bioboxes.bioboxmesossheduler.sheduler.MesosSchedulerTest" name="testResourceOffers" time="0.699">
    <error message="no mesos in java.library.path" type="java.lang.UnsatisfiedLinkError">java.lang.UnsatisfiedLinkError: no mesos in java.library.path
	at java.lang.ClassLoader.loadLibrary(ClassLoader.java:1865)
	at java.lang.Runtime.loadLibrary0(Runtime.java:870)
	at java.lang.System.loadLibrary(System.java:1122)
	at org.apache.mesos.MesosNativeLibrary.load(MesosNativeLibrary.java:159)
	at org.apache.mesos.MesosNativeLibrary.load(MesosNativeLibrary.java:184)
	at org.apache.mesos.MesosSchedulerDriver.&lt;clinit&gt;(MesosSchedulerDriver.java:61)
	at org.bioboxes.bioboxmesossheduler.sheduler.MesosSchedulerTest.testResourceOffers(MesosSchedulerTest.java:79)
	at sun.reflect.NativeMethodAccessorImpl.invoke0(Native Method)
	at sun.reflect.NativeMethodAccessorImpl.invoke(NativeMethodAccessorImpl.java:62)
	at sun.reflect.DelegatingMethodAccessorImpl.invoke(DelegatingMethodAccessorImpl.java:43)
	at java.lang.reflect.Method.invoke(Method.java:497)
	at org.junit.runners.model.FrameworkMethod$1.runReflectiveCall(FrameworkMethod.java:44)
	at org.junit.internal.runners.model.ReflectiveCallable.run(ReflectiveCallable.java:15)
	at org.junit.runners.model.FrameworkMethod.invokeExplosively(FrameworkMethod.java:41)
	at org.junit.internal.runners.statements.InvokeMethod.evaluate(InvokeMethod.java:20)
	at org.junit.internal.runners.statements.RunBefores.evaluate(RunBefores.java:28)
	at org.junit.internal.runners.statements.RunAfters.evaluate(RunAfters.java:31)
	at org.junit.runners.BlockJUnit4ClassRunner.runNotIgnored(BlockJUnit4ClassRunner.java:79)
	at org.junit.runners.BlockJUnit4ClassRunner.runChild(BlockJUnit4ClassRunner.java:71)
	at org.junit.runners.BlockJUnit4ClassRunner.runChild(BlockJUnit4ClassRunner.java:49)
	at org.junit.runners.ParentRunner$3.run(ParentRunner.java:193)
	at org.junit.runners.ParentRunner$1.schedule(ParentRunner.java:52)
	at org.junit.runners.ParentRunner.runChildren(ParentRunner.java:191)
	at org.junit.runners.ParentRunner.access$000(ParentRunner.java:42)
	at org.junit.runners.ParentRunner$2.evaluate(ParentRunner.java:184)
	at org.junit.internal.runners.statements.RunBefores.evaluate(RunBefores.java:28)
	at org.junit.internal.runners.statements.RunAfters.evaluate(RunAfters.java:31)
	at org.junit.runners.ParentRunner.run(ParentRunner.java:236)
	at org.apache.maven.surefire.junit4.JUnit4TestSet.execute(JUnit4TestSet.java:53)
	at org.apache.maven.surefire.junit4.JUnit4Provider.executeTestSet(JUnit4Provider.java:123)
	at org.apache.maven.surefire.junit4.JUnit4Provider.invoke(JUnit4Provider.java:104)
	at sun.reflect.NativeMethodAccessorImpl.invoke0(Native Method)
	at sun.reflect.NativeMethodAccessorImpl.invoke(NativeMethodAccessorImpl.java:62)
	at sun.reflect.DelegatingMethodAccessorImpl.invoke(DelegatingMethodAccessorImpl.java:43)
	at java.lang.reflect.Method.invoke(Method.java:497)
	at org.apache.maven.surefire.util.ReflectionUtils.invokeMethodWithArray(ReflectionUtils.java:164)
	at org.apache.maven.surefire.booter.ProviderFactory$ProviderProxy.invoke(ProviderFactory.java:110)
	at org.apache.maven.surefire.booter.SurefireStarter.invokeProvider(SurefireStarter.java:175)
	at org.apache.maven.surefire.booter.SurefireStarter.runSuitesInProcessWhenForked(SurefireStarter.java:107)
	at org.apache.maven.surefire.booter.ForkedBooter.main(ForkedBooter.java:68)
</error>
    <system-out>resourceOffers
2015-11-04 11:39:28,333 INFO o.b.b.s.MesosScheduler [main] PendingTasks Size 1
 2015-11-04 11:39:28,335 INFO o.b.b.s.MesosScheduler [main] PendingTasks Size 2
 2015-11-04 11:39:28,336 INFO o.b.b.s.MesosScheduler [main] PendingTasks Size 3
 2015-11-04 11:39:28,336 INFO o.b.b.s.MesosScheduler [main] PendingTasks Size 4
 </system-out>
    <system-err>Failed to load native Mesos library from /vol/java-8/jre/lib/amd64:/vol/java-8/jre/lib/i386:/opt/thinlinc/lib64:/opt/thinlinc/lib:/usr/java/packages/lib/amd64:/usr/lib64:/lib64:/lib:/usr/lib
</system-err>
  </testcase>
</testsuite>